-------------------------------------------------------------------------------
Test set: com.nunegal.backendDevTest.controller.SimilarProductControllerIntegrationTest
-------------------------------------------------------------------------------
Tests run: 1, Failures: 1, Errors: 0, Skipped: 0, Time elapsed: 0.031 sec <<< FAILURE!
com.nunegal.backendDevTest.controller.SimilarProductControllerIntegrationTest.testGetSimilarProducts_IntegrationFlow()  Time elapsed: 0.031 sec  <<< FAILURE!
java.lang.NullPointerException: Cannot invoke "com.nunegal.backendDevTest.client.ProductClient.getSimilarProductIds(String)" because "this.productClient" is null
	at com.nunegal.backendDevTest.controller.SimilarProductControllerIntegrationTest.testGetSimilarProducts_IntegrationFlow(SimilarProductControllerIntegrationTest.java:34)

