-------------------------------------------------------------------------------
Test set: com.nunegal.backendDevTest.service.SimilarProductServiceTest
-------------------------------------------------------------------------------
Tests run: 1, Failures: 1, Errors: 0, Skipped: 0, Time elapsed: 0 sec <<< FAILURE!
com.nunegal.backendDevTest.service.SimilarProductServiceTest.testGetSimilarProducts_ReturnsProductList()  Time elapsed: 0 sec  <<< FAILURE!
java.lang.Error: Unresolved compilation problem: 
	The method of(int, int) is undefined for the type List
	at com.nunegal.backendDevTest.service.SimilarProductServiceTest.testGetSimilarProducts_ReturnsProductList(SimilarProductServiceTest.java:22)

