<?xml version="1.0" encoding="UTF-8" ?>
<testsuite tests="1" failures="1" name="com.nunegal.backendDevTest.service.SimilarProductControllerIntegrationTest" time="0.033" errors="0" skipped="0">
  <properties>
[...]
</properties>
  <testcase classname="com.nunegal.backendDevTest.service.SimilarProductControllerIntegrationTest" name="com.nunegal.backendDevTest.service.SimilarProductControllerIntegrationTest.testGetSimilarProducts_IntegrationFlow" time="0.033">
    <failure message="Cannot invoke &quot;com.nunegal.backendDevTest.client.ProductClient.getSimilarProductIds(String)&quot; because &quot;this.productClient&quot; is null" type="java.lang.NullPointerException">java.lang.NullPointerException: Cannot invoke &quot;com.nunegal.backendDevTest.client.ProductClient.getSimilarProductIds(String)&quot; because &quot;this.productClient&quot; is null
	at com.nunegal.backendDevTest.service.SimilarProductControllerIntegrationTest.testGetSimilarProducts_IntegrationFlow(SimilarProductControllerIntegrationTest.java:36)
</failure>
  </testcase>
</testsuite>